0 info it worked if it ends with ok
1 verbose cli [ '/Users/davidlormor/.nvm/versions/node/v6.2.0/bin/node',
1 verbose cli   '/Users/davidlormor/.nvm/versions/node/v6.2.0/bin/npm',
1 verbose cli   'run',
1 verbose cli   'serve' ]
2 info using npm@3.9.3
3 info using node@v6.2.0
4 verbose run-script [ 'preserve', 'serve', 'postserve' ]
5 info lifecycle building_react_applications_with_idiomatic_redux@1.0.0~preserve: building_react_applications_with_idiomatic_redux@1.0.0
6 silly lifecycle building_react_applications_with_idiomatic_redux@1.0.0~preserve: no script for preserve, continuing
7 info lifecycle building_react_applications_with_idiomatic_redux@1.0.0~serve: building_react_applications_with_idiomatic_redux@1.0.0
8 verbose lifecycle building_react_applications_with_idiomatic_redux@1.0.0~serve: unsafe-perm in lifecycle true
9 verbose lifecycle building_react_applications_with_idiomatic_redux@1.0.0~serve: PATH: /Users/davidlormor/.nvm/versions/node/v6.2.0/lib/node_modules/npm/bin/node-gyp-bin:/Users/davidlormor/Development/Learning/Redux/building_react_applications_with_idiomatic_redux/node_modules/.bin:/Users/davidlormor/.nvm/versions/node/v6.2.0/bin:/Users/davidlormor/.nvm/versions/node/v6.2.0/bin:/usr/local/opt/rbenv/shims:/usr/local/opt/rbenv/bin:/usr/local/bin:/usr/bin:/bin:/usr/sbin:/sbin
10 verbose lifecycle building_react_applications_with_idiomatic_redux@1.0.0~serve: CWD: /Users/davidlormor/Development/Learning/Redux/building_react_applications_with_idiomatic_redux
11 silly lifecycle building_react_applications_with_idiomatic_redux@1.0.0~serve: Args: [ '-c', 'babel-node dev-server.js' ]
12 silly lifecycle building_react_applications_with_idiomatic_redux@1.0.0~serve: Returned: code: 1  signal: null
13 info lifecycle building_react_applications_with_idiomatic_redux@1.0.0~serve: Failed to exec serve script
14 verbose stack Error: building_react_applications_with_idiomatic_redux@1.0.0 serve: `babel-node dev-server.js`
14 verbose stack Exit status 1
14 verbose stack     at EventEmitter.<anonymous> (/Users/davidlormor/.nvm/versions/node/v6.2.0/lib/node_modules/npm/lib/utils/lifecycle.js:245:16)
14 verbose stack     at emitTwo (events.js:106:13)
14 verbose stack     at EventEmitter.emit (events.js:191:7)
14 verbose stack     at ChildProcess.<anonymous> (/Users/davidlormor/.nvm/versions/node/v6.2.0/lib/node_modules/npm/lib/utils/spawn.js:24:14)
14 verbose stack     at emitTwo (events.js:106:13)
14 verbose stack     at ChildProcess.emit (events.js:191:7)
14 verbose stack     at maybeClose (internal/child_process.js:850:16)
14 verbose stack     at Process.ChildProcess._handle.onexit (internal/child_process.js:215:5)
15 verbose pkgid building_react_applications_with_idiomatic_redux@1.0.0
16 verbose cwd /Users/davidlormor/Development/Learning/Redux/building_react_applications_with_idiomatic_redux
17 error Darwin 15.5.0
18 error argv "/Users/davidlormor/.nvm/versions/node/v6.2.0/bin/node" "/Users/davidlormor/.nvm/versions/node/v6.2.0/bin/npm" "run" "serve"
19 error node v6.2.0
20 error npm  v3.9.3
21 error code ELIFECYCLE
22 error building_react_applications_with_idiomatic_redux@1.0.0 serve: `babel-node dev-server.js`
22 error Exit status 1
23 error Failed at the building_react_applications_with_idiomatic_redux@1.0.0 serve script 'babel-node dev-server.js'.
23 error Make sure you have the latest version of node.js and npm installed.
23 error If you do, this is most likely a problem with the building_react_applications_with_idiomatic_redux package,
23 error not with npm itself.
23 error Tell the author that this fails on your system:
23 error     babel-node dev-server.js
23 error You can get information on how to open an issue for this project with:
23 error     npm bugs building_react_applications_with_idiomatic_redux
23 error Or if that isn't available, you can get their info via:
23 error     npm owner ls building_react_applications_with_idiomatic_redux
23 error There is likely additional logging output above.
24 verbose exit [ 1, true ]
